Tue May 14 16:25:53 2024       
+---------------------------------------------------------------------------------------+
| NVIDIA-SMI 535.154.05             Driver Version: 535.154.05   CUDA Version: 12.2     |
|-----------------------------------------+----------------------+----------------------+
| GPU  Name                 Persistence-M | Bus-Id        Disp.A | Volatile Uncorr. ECC |
| Fan  Temp   Perf          Pwr:Usage/Cap |         Memory-Usage | GPU-Util  Compute M. |
|                                         |                      |               MIG M. |
|=========================================+======================+======================|
|   0  Tesla V100-SXM2-32GB           On  | 00000000:3B:00.0 Off |                    0 |
| N/A   33C    P0              42W / 300W |      0MiB / 32768MiB |      0%      Default |
|                                         |                      |                  N/A |
+-----------------------------------------+----------------------+----------------------+
                                                                                         
+---------------------------------------------------------------------------------------+
| Processes:                                                                            |
|  GPU   GI   CI        PID   Type   Process name                            GPU Memory |
|        ID   ID                                                             Usage      |
|=======================================================================================|
|  No running processes found                                                           |
+---------------------------------------------------------------------------------------+
Doing experiment for  4  layers!
[I 2024-05-14 16:32:45,861] A new study created in memory with name: no-name-c791102f-36fb-4f60-b5f7-1235f4cbd1b8
[W 2024-05-14 16:33:07,431] Trial 0 failed with parameters: {} because of the following error: ValueError('expected 2D or 3D input (got 1D input)').
Traceback (most recent call last):
  File "/home/maruko/.local/lib/python3.11/site-packages/optuna/study/_optimize.py", line 200, in _run_trial
    value_or_values = func(trial)
                      ^^^^^^^^^^^
  File "/project/6002612/maruko/seaiceClass/src/pygcn/pygcn/train.py", line 471, in objective
    loss_val, acc_val, f1_val, loss_train, acc_train, f1_train = cross_validation(path, test_year)
                                                                 ^^^^^^^^^^^^^^^^^^^^^^^^^^^^^^^^^
  File "/project/6002612/maruko/seaiceClass/src/pygcn/pygcn/train.py", line 260, in cross_validation
    train_loss, train_acc, train_f1 = train_model(path, train_files)
                                      ^^^^^^^^^^^^^^^^^^^^^^^^^^^^^^
  File "/project/6002612/maruko/seaiceClass/src/pygcn/pygcn/train.py", line 199, in train_model
    output = model(features, adj)
             ^^^^^^^^^^^^^^^^^^^^
  File "/home/maruko/.local/lib/python3.11/site-packages/torch/nn/modules/module.py", line 1518, in _wrapped_call_impl
    return self._call_impl(*args, **kwargs)
           ^^^^^^^^^^^^^^^^^^^^^^^^^^^^^^^^
  File "/home/maruko/.local/lib/python3.11/site-packages/torch/nn/modules/module.py", line 1527, in _call_impl
    return forward_call(*args, **kwargs)
           ^^^^^^^^^^^^^^^^^^^^^^^^^^^^^
  File "/project/6002612/maruko/seaiceClass/src/pygcn/pygcn/models.py", line 206, in forward
    x = self.mlp(x)
        ^^^^^^^^^^^
  File "/home/maruko/.local/lib/python3.11/site-packages/torch/nn/modules/module.py", line 1518, in _wrapped_call_impl
    return self._call_impl(*args, **kwargs)
           ^^^^^^^^^^^^^^^^^^^^^^^^^^^^^^^^
  File "/home/maruko/.local/lib/python3.11/site-packages/torch/nn/modules/module.py", line 1527, in _call_impl
    return forward_call(*args, **kwargs)
           ^^^^^^^^^^^^^^^^^^^^^^^^^^^^^
  File "/home/maruko/.local/lib/python3.11/site-packages/torch/nn/modules/container.py", line 215, in forward
    input = module(input)
            ^^^^^^^^^^^^^
  File "/home/maruko/.local/lib/python3.11/site-packages/torch/nn/modules/module.py", line 1518, in _wrapped_call_impl
    return self._call_impl(*args, **kwargs)
           ^^^^^^^^^^^^^^^^^^^^^^^^^^^^^^^^
  File "/home/maruko/.local/lib/python3.11/site-packages/torch/nn/modules/module.py", line 1527, in _call_impl
    return forward_call(*args, **kwargs)
           ^^^^^^^^^^^^^^^^^^^^^^^^^^^^^
  File "/home/maruko/.local/lib/python3.11/site-packages/torch/nn/modules/container.py", line 215, in forward
    input = module(input)
            ^^^^^^^^^^^^^
  File "/home/maruko/.local/lib/python3.11/site-packages/torch/nn/modules/module.py", line 1518, in _wrapped_call_impl
    return self._call_impl(*args, **kwargs)
           ^^^^^^^^^^^^^^^^^^^^^^^^^^^^^^^^
  File "/home/maruko/.local/lib/python3.11/site-packages/torch/nn/modules/module.py", line 1527, in _call_impl
    return forward_call(*args, **kwargs)
           ^^^^^^^^^^^^^^^^^^^^^^^^^^^^^
  File "/home/maruko/.local/lib/python3.11/site-packages/torch/nn/modules/container.py", line 215, in forward
    input = module(input)
            ^^^^^^^^^^^^^
  File "/home/maruko/.local/lib/python3.11/site-packages/torch/nn/modules/module.py", line 1518, in _wrapped_call_impl
    return self._call_impl(*args, **kwargs)
           ^^^^^^^^^^^^^^^^^^^^^^^^^^^^^^^^
  File "/home/maruko/.local/lib/python3.11/site-packages/torch/nn/modules/module.py", line 1527, in _call_impl
    return forward_call(*args, **kwargs)
           ^^^^^^^^^^^^^^^^^^^^^^^^^^^^^
  File "/home/maruko/.local/lib/python3.11/site-packages/torch/nn/modules/batchnorm.py", line 138, in forward
    self._check_input_dim(input)
  File "/home/maruko/.local/lib/python3.11/site-packages/torch/nn/modules/batchnorm.py", line 304, in _check_input_dim
    raise ValueError(
ValueError: expected 2D or 3D input (got 1D input)
[W 2024-05-14 16:33:07,754] Trial 0 failed with value None.
self.weight intial Parameter containing:
tensor([[-2.3994e-14,  3.0753e-41,  1.4503e-42,  0.0000e+00],
        [-7.6351e-14,  3.0753e-41,  1.4013e-45,  5.6052e-45]],
       requires_grad=True)
self.weight intial Parameter containing:
tensor([[ 5.5355e-26,  1.5383e-41, -3.4879e-13,  3.0753e-41],
        [ 1.4013e-45,  0.0000e+00, -1.0383e-13,  3.0753e-41],
        [-1.2763e-13,  3.0753e-41,  0.0000e+00,  0.0000e+00],
        [-1.0702e-13,  3.0753e-41, -1.0689e-15,  3.0753e-41]],
       requires_grad=True)
self.weight intial Parameter containing:
tensor([[0.0000e+00, 0.0000e+00, 0.0000e+00, 0.0000e+00],
        [0.0000e+00, 0.0000e+00, 0.0000e+00, 0.0000e+00],
        [0.0000e+00, 0.0000e+00, 1.4013e-45, 0.0000e+00],
        [0.0000e+00, 0.0000e+00, 0.0000e+00, 0.0000e+00]], requires_grad=True)
self.weight intial Parameter containing:
tensor([[-2.2894e-14,  3.0753e-41],
        [-2.2894e-14,  3.0753e-41],
        [ 1.1238e-42,  0.0000e+00],
        [ 1.1252e-42,  0.0000e+00]], requires_grad=True)
training doing /home/maruko/projects/def-ka3scott/maruko/seaiceClass/data/lake_stlawrence/6Graph_label_intensity/20190219
path = /home/maruko/projects/def-ka3scott/maruko/seaiceClass/data/lake_stlawrence/6Graph_label_intensity/20190219
Traceback (most recent call last):
  File "/project/6002612/maruko/seaiceClass/src/pygcn/pygcn/train.py", line 580, in <module>
    study.optimize(objective, n_trials=1)  # Adjust the number of trials as needed
    ^^^^^^^^^^^^^^^^^^^^^^^^^^^^^^^^^^^^^
  File "/home/maruko/.local/lib/python3.11/site-packages/optuna/study/study.py", line 451, in optimize
    _optimize(
  File "/home/maruko/.local/lib/python3.11/site-packages/optuna/study/_optimize.py", line 66, in _optimize
    _optimize_sequential(
  File "/home/maruko/.local/lib/python3.11/site-packages/optuna/study/_optimize.py", line 163, in _optimize_sequential
    frozen_trial = _run_trial(study, func, catch)
                   ^^^^^^^^^^^^^^^^^^^^^^^^^^^^^^
  File "/home/maruko/.local/lib/python3.11/site-packages/optuna/study/_optimize.py", line 251, in _run_trial
    raise func_err
  File "/home/maruko/.local/lib/python3.11/site-packages/optuna/study/_optimize.py", line 200, in _run_trial
    value_or_values = func(trial)
                      ^^^^^^^^^^^
  File "/project/6002612/maruko/seaiceClass/src/pygcn/pygcn/train.py", line 471, in objective
    loss_val, acc_val, f1_val, loss_train, acc_train, f1_train = cross_validation(path, test_year)
                                                                 ^^^^^^^^^^^^^^^^^^^^^^^^^^^^^^^^^
  File "/project/6002612/maruko/seaiceClass/src/pygcn/pygcn/train.py", line 260, in cross_validation
    train_loss, train_acc, train_f1 = train_model(path, train_files)
                                      ^^^^^^^^^^^^^^^^^^^^^^^^^^^^^^
  File "/project/6002612/maruko/seaiceClass/src/pygcn/pygcn/train.py", line 199, in train_model
    output = model(features, adj)
             ^^^^^^^^^^^^^^^^^^^^
  File "/home/maruko/.local/lib/python3.11/site-packages/torch/nn/modules/module.py", line 1518, in _wrapped_call_impl
    return self._call_impl(*args, **kwargs)
           ^^^^^^^^^^^^^^^^^^^^^^^^^^^^^^^^
  File "/home/maruko/.local/lib/python3.11/site-packages/torch/nn/modules/module.py", line 1527, in _call_impl
    return forward_call(*args, **kwargs)
           ^^^^^^^^^^^^^^^^^^^^^^^^^^^^^
  File "/project/6002612/maruko/seaiceClass/src/pygcn/pygcn/models.py", line 206, in forward
    x = self.mlp(x)
        ^^^^^^^^^^^
  File "/home/maruko/.local/lib/python3.11/site-packages/torch/nn/modules/module.py", line 1518, in _wrapped_call_impl
    return self._call_impl(*args, **kwargs)
           ^^^^^^^^^^^^^^^^^^^^^^^^^^^^^^^^
  File "/home/maruko/.local/lib/python3.11/site-packages/torch/nn/modules/module.py", line 1527, in _call_impl
    return forward_call(*args, **kwargs)
           ^^^^^^^^^^^^^^^^^^^^^^^^^^^^^
  File "/home/maruko/.local/lib/python3.11/site-packages/torch/nn/modules/container.py", line 215, in forward
    input = module(input)
            ^^^^^^^^^^^^^
  File "/home/maruko/.local/lib/python3.11/site-packages/torch/nn/modules/module.py", line 1518, in _wrapped_call_impl
    return self._call_impl(*args, **kwargs)
           ^^^^^^^^^^^^^^^^^^^^^^^^^^^^^^^^
  File "/home/maruko/.local/lib/python3.11/site-packages/torch/nn/modules/module.py", line 1527, in _call_impl
    return forward_call(*args, **kwargs)
           ^^^^^^^^^^^^^^^^^^^^^^^^^^^^^
  File "/home/maruko/.local/lib/python3.11/site-packages/torch/nn/modules/container.py", line 215, in forward
    input = module(input)
            ^^^^^^^^^^^^^
  File "/home/maruko/.local/lib/python3.11/site-packages/torch/nn/modules/module.py", line 1518, in _wrapped_call_impl
    return self._call_impl(*args, **kwargs)
           ^^^^^^^^^^^^^^^^^^^^^^^^^^^^^^^^
  File "/home/maruko/.local/lib/python3.11/site-packages/torch/nn/modules/module.py", line 1527, in _call_impl
    return forward_call(*args, **kwargs)
           ^^^^^^^^^^^^^^^^^^^^^^^^^^^^^
  File "/home/maruko/.local/lib/python3.11/site-packages/torch/nn/modules/container.py", line 215, in forward
    input = module(input)
            ^^^^^^^^^^^^^
  File "/home/maruko/.local/lib/python3.11/site-packages/torch/nn/modules/module.py", line 1518, in _wrapped_call_impl
    return self._call_impl(*args, **kwargs)
           ^^^^^^^^^^^^^^^^^^^^^^^^^^^^^^^^
  File "/home/maruko/.local/lib/python3.11/site-packages/torch/nn/modules/module.py", line 1527, in _call_impl
    return forward_call(*args, **kwargs)
           ^^^^^^^^^^^^^^^^^^^^^^^^^^^^^
  File "/home/maruko/.local/lib/python3.11/site-packages/torch/nn/modules/batchnorm.py", line 138, in forward
    self._check_input_dim(input)
  File "/home/maruko/.local/lib/python3.11/site-packages/torch/nn/modules/batchnorm.py", line 304, in _check_input_dim
    raise ValueError(
ValueError: expected 2D or 3D input (got 1D input)
